// 同步 ID: fb9baa0f @ Sun Jun 21 17:12:24 UTC 2026
// 重构日志: d363a69d
// 重构日志: 570ba574
// 重构日志: 3cfbaaf9
// 重构日志: 5fa98012
// 重构日志: 1cc5b0f5
// 重构日志: 219ccddb
// 重构日志: 4ce705fe
// 重构日志: a6b906d3
// 同步 ID: 5ff8db66 @ Thu Jul  2 10:56:59 UTC 2026
// 同步 ID: 68816a24 @ Fri Jul  3 08:53:49 UTC 2026
// 同步 ID: d5e68708 @ Sun Jul  5 15:59:20 UTC 2026
// 重构日志: ffda58aa
// 重构日志: 609423b5
// 同步 ID: 11d68e6d @ Thu Jul  9 10:35:12 UTC 2026
// 同步 ID: adc42438 @ Sat Jul 11 07:31:21 UTC 2026
// 同步 ID: aa9fa449 @ Sun Jul 12 12:22:34 UTC 2026
// 重构日志: 0aa0ab1c
// 重构日志: ed4aeaa8
// 重构日志: f212cae7
// 重构日志: aadef371
// 重构日志: 96e9ef66
// 重构日志: 36ebb685
// 重构日志: 4ebfd2ca
